<?xml version="1.0" encoding="UTF-8"?><testrun name="PainManagementTest" project="iOS_Automated_UI_Testing" tests="1" started="1" failures="0" errors="1" ignored="0">
  <testsuite name="com.ibm.mil.PainManagementTest" time="54.633">
    <testcase name="PainManagementScreenTest" classname="com.ibm.mil.PainManagementTest" time="54.633">
      <error>org.openqa.selenium.ElementNotVisibleException: element is not visible.
Command duration or timeout: 110 milliseconds
Build info: version: 'unknown', revision: 'unknown', time: 'unknown'
System info: host: 'alysonclmacbook.austin.ibm.com', ip: '9.41.139.173', os.name: 'Mac OS X', os.arch: 'x86_64', os.version: '10.10.1', java.version: '1.7.0_51'
Session ID: ff9a509d-a631-48a9-846c-b5b7112d0e88
Driver info: org.uiautomation.ios.client.uiamodels.impl.RemoteIOSDriver
Capabilities [{javascriptEnabled=true, browserVersion=0.0.1, browserName=ReadyAppPT, variation=iPhone6, locale=en_US, systemName=iPhone OS, supportedLocales=[en, es-MX], takesElementScreenshot=false, version=0.0.1, sdkVersion=8.0, aut=/Users/atcabral/Library/Developer/Xcode/DerivedData/ReadyAppPT-aosgpgzjrmgnheedabqlymgflanv/Build/Products/Debug-iphonesimulator/ReadyAppPT.app, platformVersion=8.0, elementTree=true, platformName=IOS, name=iPhone Simulator, iosSearchContext=true, CFBundleVersion=0.0.1, takesScreenshot=true, platform=UNIX, CFBundleIdentifier=com.ibm.mil.ReadyAppPT, simulator=true, rotatable=true, rect={origin={y=0, x=0}, size={height=667, width=375}}, locationContextEnabled=true, cssSelectors=true, configurable=true, device=iphone, language=en, iosTouchScreen=true}]
	at sun.reflect.NativeConstructorAccessorImpl.newInstance0(Native Method)
	at sun.reflect.NativeConstructorAccessorImpl.newInstance(NativeConstructorAccessorImpl.java:57)
	at sun.reflect.DelegatingConstructorAccessorImpl.newInstance(DelegatingConstructorAccessorImpl.java:45)
	at java.lang.reflect.Constructor.newInstance(Constructor.java:526)
	at org.openqa.selenium.remote.ErrorHandler.createThrowable(ErrorHandler.java:204)
	at org.openqa.selenium.remote.ErrorHandler.throwIfResponseFailed(ErrorHandler.java:156)
	at org.openqa.selenium.remote.RemoteWebDriver.execute(RemoteWebDriver.java:599)
	at org.openqa.selenium.remote.RemoteWebElement.execute(RemoteWebElement.java:268)
	at org.openqa.selenium.remote.RemoteWebElement.click(RemoteWebElement.java:79)
	at com.ibm.mil.PainManagementTest.PainManagementScreenTest(PainManagementTest.java:143)
	at sun.reflect.NativeMethodAccessorImpl.invoke0(Native Method)
	at sun.reflect.NativeMethodAccessorImpl.invoke(NativeMethodAccessorImpl.java:57)
	at sun.reflect.DelegatingMethodAccessorImpl.invoke(DelegatingMethodAccessorImpl.java:43)
	at java.lang.reflect.Method.invoke(Method.java:606)
	at org.junit.runners.model.FrameworkMethod$1.runReflectiveCall(FrameworkMethod.java:47)
	at org.junit.internal.runners.model.ReflectiveCallable.run(ReflectiveCallable.java:12)
	at org.junit.runners.model.FrameworkMethod.invokeExplosively(FrameworkMethod.java:44)
	at org.junit.internal.runners.statements.InvokeMethod.evaluate(InvokeMethod.java:17)
	at org.junit.internal.runners.statements.RunBefores.evaluate(RunBefores.java:26)
	at org.junit.internal.runners.statements.RunAfters.evaluate(RunAfters.java:27)
	at org.junit.runners.ParentRunner.runLeaf(ParentRunner.java:271)
	at org.junit.runners.BlockJUnit4ClassRunner.runChild(BlockJUnit4ClassRunner.java:70)
	at org.junit.runners.BlockJUnit4ClassRunner.runChild(BlockJUnit4ClassRunner.java:50)
	at org.junit.runners.ParentRunner$3.run(ParentRunner.java:238)
	at org.junit.runners.ParentRunner$1.schedule(ParentRunner.java:63)
	at org.junit.runners.ParentRunner.runChildren(ParentRunner.java:236)
	at org.junit.runners.ParentRunner.access$000(ParentRunner.java:53)
	at org.junit.runners.ParentRunner$2.evaluate(ParentRunner.java:229)
	at org.junit.runners.ParentRunner.run(ParentRunner.java:309)
	at org.eclipse.jdt.internal.junit4.runner.JUnit4TestReference.run(JUnit4TestReference.java:50)
	at org.eclipse.jdt.internal.junit.runner.TestExecution.run(TestExecution.java:38)
	at org.eclipse.jdt.internal.junit.runner.RemoteTestRunner.runTests(RemoteTestRunner.java:467)
	at org.eclipse.jdt.internal.junit.runner.RemoteTestRunner.runTests(RemoteTestRunner.java:683)
	at org.eclipse.jdt.internal.junit.runner.RemoteTestRunner.run(RemoteTestRunner.java:390)
	at org.eclipse.jdt.internal.junit.runner.RemoteTestRunner.main(RemoteTestRunner.java:197)

</error>
    </testcase>
  </testsuite>
</testrun>
